<?xml version="1.0" encoding="UTF-8"?>
<!-- Generated by org.testng.reporters.JUnitReportReporter -->
<testsuite hostname="DESKTOP-HTURD8O" failures="0" tests="1" name="CareBoading_baseclass.BaseClass" time="0.003" errors="0" timestamp="2025-04-14T11:40:22 IST" skipped="0">
  <testcase classname="CareBoading_baseclass.BaseClass" name="simpleWebAndMobileTest" time="0.003"/>
  <system-out/>
</testsuite> <!-- CareBoading_baseclass.BaseClass -->
