<?xml version="1.0" encoding="UTF-8"?>
<!-- Generated by org.testng.reporters.JUnitReportReporter -->
<testsuite hostname="DESKTOP-HTURD8O" failures="0" tests="1" name="DemoTestCase.TC_DemoCareboarding" time="25.846" errors="0" timestamp="2025-04-14T16:51:08 IST" skipped="0">
  <testcase classname="DemoTestCase.TC_DemoCareboarding" name="Caregivers" time="25.846"/>
  <system-out/>
</testsuite> <!-- DemoTestCase.TC_DemoCareboarding -->
