<?xml version="1.0" encoding="UTF-8"?>
<!-- Generated by org.testng.reporters.JUnitReportReporter -->
<testsuite hostname="DESKTOP-HTURD8O" failures="0" tests="1" name="DemoTestCase.TC_EmailTransfer" time="29.012" errors="0" timestamp="2025-04-15T16:49:25 IST" skipped="0">
  <testcase classname="DemoTestCase.TC_EmailTransfer" name="runEmailTransferTest" time="29.012"/>
  <system-out/>
</testsuite> <!-- DemoTestCase.TC_EmailTransfer -->
