<?xml version="1.0" encoding="UTF-8"?>
<!-- Generated by org.testng.reporters.JUnitReportReporter -->
<testsuite hostname="DESKTOP-HTURD8O" failures="0" tests="2" name="CareBoardingDemo_Project.Login_page.TC_Demo" time="2.448" errors="1" timestamp="2025-04-11T12:49:07 IST" skipped="1">
  <testcase classname="CareBoardingDemo_Project.Login_page.TC_Demo" name="configureAppium" time="2.448">
    <error message="Could not start a new session. Response code 500. Message: An unknown server-side error occurred while processing the command. Original error: The application at &#039;C:\Users\Admin\eclipse-workspace\CareBoardingDemo_Project\src\test\java\Resource\42.apk&#039; does not exist or is not accessible 
Host info: host: &#039;DESKTOP-HTURD8O&#039;, ip: &#039;192.168.29.217&#039;
Build info: version: &#039;4.9.1&#039;, revision: &#039;eb2032df7f&#039;
System info: os.name: &#039;Windows 10&#039;, os.arch: &#039;amd64&#039;, os.version: &#039;10.0&#039;, java.version: &#039;23.0.1&#039;
Driver info: io.appium.java_client.android.AndroidDriver
Command: [null, newSession {capabilities=[{appium:appActivity=com.yourapp.activity.MainActivity, appium:deviceName=Android Emulator, platformName=ANDROID, appium:automationName=UiAutomator2, appium:app=C:\Users\Admin\eclipse-workspace\CareBoardingDemo_Project\src\test\java\Resource\42.apk, appium:appPackage=com.yourapp.package}], desiredCapabilities=Capabilities {appium:app: C:\Users\Admin\eclipse-work..., appium:appActivity: com.yourapp.activity.MainAc..., appium:appPackage: com.yourapp.package, appium:automationName: UiAutomator2, appium:deviceName: Android Emulator, platformName: ANDROID}}]
Capabilities {appium:app: C:\Users\Admin\eclipse-work..., appium:appActivity: com.yourapp.activity.MainAc..., appium:appPackage: com.yourapp.package, appium:automationName: UiAutomator2, appium:deviceName: Android Emulator, platformName: ANDROID}" type="org.openqa.selenium.SessionNotCreatedException">
      <![CDATA[org.openqa.selenium.SessionNotCreatedException: Could not start a new session. Response code 500. Message: An unknown server-side error occurred while processing the command. Original error: The application at 'C:\Users\Admin\eclipse-workspace\CareBoardingDemo_Project\src\test\java\Resource\42.apk' does not exist or is not accessible 
Host info: host: 'DESKTOP-HTURD8O', ip: '192.168.29.217'
Build info: version: '4.9.1', revision: 'eb2032df7f'
System info: os.name: 'Windows 10', os.arch: 'amd64', os.version: '10.0', java.version: '23.0.1'
Driver info: io.appium.java_client.android.AndroidDriver
Command: [null, newSession {capabilities=[{appium:appActivity=com.yourapp.activity.MainActivity, appium:deviceName=Android Emulator, platformName=ANDROID, appium:automationName=UiAutomator2, appium:app=C:\Users\Admin\eclipse-workspace\CareBoardingDemo_Project\src\test\java\Resource\42.apk, appium:appPackage=com.yourapp.package}], desiredCapabilities=Capabilities {appium:app: C:\Users\Admin\eclipse-work..., appium:appActivity: com.yourapp.activity.MainAc..., appium:appPackage: com.yourapp.package, appium:automationName: UiAutomator2, appium:deviceName: Android Emulator, platformName: ANDROID}}]
Capabilities {appium:app: C:\Users\Admin\eclipse-work..., appium:appActivity: com.yourapp.activity.MainAc..., appium:appPackage: com.yourapp.package, appium:automationName: UiAutomator2, appium:deviceName: Android Emulator, platformName: ANDROID}
at org.openqa.selenium.remote.ProtocolHandshake.createSession(ProtocolHandshake.java:136)
at java.base/jdk.internal.reflect.DirectMethodHandleAccessor.invoke(DirectMethodHandleAccessor.java:103)
at java.base/java.lang.reflect.Method.invoke(Method.java:580)
at io.appium.java_client.remote.AppiumProtocolHandshake.createSession(AppiumProtocolHandshake.java:133)
at io.appium.java_client.remote.AppiumProtocolHandshake.createSession(AppiumProtocolHandshake.java:102)
at io.appium.java_client.remote.AppiumCommandExecutor.createSession(AppiumCommandExecutor.java:182)
at io.appium.java_client.remote.AppiumCommandExecutor.execute(AppiumCommandExecutor.java:250)
at org.openqa.selenium.remote.RemoteWebDriver.execute(RemoteWebDriver.java:543)
at io.appium.java_client.AppiumDriver.startSession(AppiumDriver.java:274)
at org.openqa.selenium.remote.RemoteWebDriver.<init>(RemoteWebDriver.java:157)
at io.appium.java_client.AppiumDriver.<init>(AppiumDriver.java:89)
at io.appium.java_client.AppiumDriver.<init>(AppiumDriver.java:101)
at io.appium.java_client.android.AndroidDriver.<init>(AndroidDriver.java:113)
at CareBoading_baseclass.BaseClass.configureAppium(BaseClass.java:81)
at java.base/jdk.internal.reflect.DirectMethodHandleAccessor.invoke(DirectMethodHandleAccessor.java:103)
at java.base/java.lang.reflect.Method.invoke(Method.java:580)
at org.testng.internal.MethodInvocationHelper.invokeMethod(MethodInvocationHelper.java:133)
at org.testng.internal.MethodInvocationHelper.invokeMethodConsideringTimeout(MethodInvocationHelper.java:62)
at org.testng.internal.ConfigInvoker.invokeConfigurationMethod(ConfigInvoker.java:385)
at org.testng.internal.ConfigInvoker.invokeConfigurations(ConfigInvoker.java:321)
at org.testng.internal.TestMethodWorker.invokeBeforeClassMethods(TestMethodWorker.java:176)
at org.testng.internal.TestMethodWorker.run(TestMethodWorker.java:122)
at java.base/java.util.ArrayList.forEach(ArrayList.java:1597)
at org.testng.TestRunner.privateRun(TestRunner.java:794)
at org.testng.TestRunner.run(TestRunner.java:596)
at org.testng.SuiteRunner.runTest(SuiteRunner.java:377)
at org.testng.SuiteRunner.runSequentially(SuiteRunner.java:371)
at org.testng.SuiteRunner.privateRun(SuiteRunner.java:332)
at org.testng.SuiteRunner.run(SuiteRunner.java:276)
at org.testng.SuiteRunnerWorker.runSuite(SuiteRunnerWorker.java:53)
at org.testng.SuiteRunnerWorker.run(SuiteRunnerWorker.java:96)
at org.testng.TestNG.runSuitesSequentially(TestNG.java:1212)
at org.testng.TestNG.runSuitesLocally(TestNG.java:1134)
at org.testng.TestNG.runSuites(TestNG.java:1063)
at org.testng.TestNG.run(TestNG.java:1031)
at org.testng.remote.AbstractRemoteTestNG.run(AbstractRemoteTestNG.java:115)
at org.testng.remote.RemoteTestNG.initAndRun(RemoteTestNG.java:293)
at org.testng.remote.RemoteTestNG.main(RemoteTestNG.java:91)
]]>
    </error>
  </testcase> <!-- configureAppium -->
  <system-out/>
  <testcase classname="CareBoardingDemo_Project.Login_page.TC_Demo" name="CareboardingVisit" time="0.000">
    <skipped/>
  </testcase> <!-- CareboardingVisit -->
  <system-out/>
</testsuite> <!-- CareBoardingDemo_Project.Login_page.TC_Demo -->
